{"numFailedTestSuites":1,"numFailedTests":5,"numPassedTestSuites":0,"numPassedTests":46,"numPendingTestSuites":0,"numPendingTests":0,"numRuntimeErrorTestSuites":0,"numTodoTests":0,"numTotalTestSuites":1,"numTotalTests":51,"openHandles":[],"snapshot":{"added":0,"didUpdate":false,"failure":false,"filesAdded":0,"filesRemoved":0,"filesRemovedList":[],"filesUnmatched":0,"filesUpdated":0,"matched":0,"total":0,"unchecked":0,"uncheckedKeysByFile":[],"unmatched":0,"updated":0},"startTime":1775132533517,"success":false,"testResults":[{"assertionResults":[{"ancestorTitles":["OperatorAnalyticsService","analyzeFile — balance check"],"duration":77,"failureDetails":[],"failureMessages":[],"fullName":"OperatorAnalyticsService analyzeFile — balance check should throw 402 when user balance is 0","invocations":1,"location":null,"numPassingAsserts":2,"retryReasons":[],"status":"passed","title":"should throw 402 when user balance is 0"},{"ancestorTitles":["OperatorAnalyticsService","analyzeFile — balance check"],"duration":4,"failureDetails":[],"failureMessages":[],"fullName":"OperatorAnalyticsService analyzeFile — balance check should throw 402 when user not found","invocations":1,"location":null,"numPassingAsserts":1,"retryReasons":[],"status":"passed","title":"should throw 402 when user not found"},{"ancestorTitles":["OperatorAnalyticsService","analyzeFile — balance check"],"duration":22,"failureDetails":[],"failureMessages":[],"fullName":"OperatorAnalyticsService analyzeFile — balance check should proceed when balance is positive","invocations":1,"location":null,"numPassingAsserts":1,"retryReasons":[],"status":"passed","title":"should proceed when balance is positive"},{"ancestorTitles":["OperatorAnalyticsService","chargeCost (via analyzeFile)"],"duration":4,"failureDetails":[],"failureMessages":[],"fullName":"OperatorAnalyticsService chargeCost (via analyzeFile) should return zero costs when price not found","invocations":1,"location":null,"numPassingAsserts":0,"retryReasons":[],"status":"passed","title":"should return zero costs when price not found"},{"ancestorTitles":["OperatorAnalyticsService","getProjects"],"duration":6,"failureDetails":[],"failureMessages":[],"fullName":"OperatorAnalyticsService getProjects should return all projects for admin without creating default","invocations":1,"location":null,"numPassingAsserts":2,"retryReasons":[],"status":"passed","title":"should return all projects for admin without creating default"},{"ancestorTitles":["OperatorAnalyticsService","getProjects"],"duration":3,"failureDetails":[],"failureMessages":[],"fullName":"OperatorAnalyticsService getProjects should filter by userId for non-admin","invocations":1,"location":null,"numPassingAsserts":1,"retryReasons":[],"status":"passed","title":"should filter by userId for non-admin"},{"ancestorTitles":["OperatorAnalyticsService","createProject"],"duration":4,"failureDetails":[],"failureMessages":[],"fullName":"OperatorAnalyticsService createProject should throw when name is empty","invocations":1,"location":null,"numPassingAsserts":1,"retryReasons":[],"status":"passed","title":"should throw when name is empty"},{"ancestorTitles":["OperatorAnalyticsService","createProject"],"duration":3,"failureDetails":[],"failureMessages":[],"fullName":"OperatorAnalyticsService createProject should throw when name is only spaces","invocations":1,"location":null,"numPassingAsserts":1,"retryReasons":[],"status":"passed","title":"should throw when name is only spaces"},{"ancestorTitles":["OperatorAnalyticsService","createProject"],"duration":4,"failureDetails":[],"failureMessages":[],"fullName":"OperatorAnalyticsService createProject should create project with trimmed name","invocations":1,"location":null,"numPassingAsserts":1,"retryReasons":[],"status":"passed","title":"should create project with trimmed name"},{"ancestorTitles":["OperatorAnalyticsService","createProject"],"duration":2,"failureDetails":[],"failureMessages":[],"fullName":"OperatorAnalyticsService createProject should apply template values when templateId is provided","invocations":1,"location":null,"numPassingAsserts":1,"retryReasons":[],"status":"passed","title":"should apply template values when templateId is provided"},{"ancestorTitles":["OperatorAnalyticsService","createProject"],"duration":3,"failureDetails":[],"failureMessages":[],"fullName":"OperatorAnalyticsService createProject should store webhookUrl, webhookEvents, and webhookHeaders","invocations":1,"location":null,"numPassingAsserts":1,"retryReasons":[],"status":"passed","title":"should store webhookUrl, webhookEvents, and webhookHeaders"},{"ancestorTitles":["OperatorAnalyticsService","createProject"],"duration":3,"failureDetails":[],"failureMessages":[],"fullName":"OperatorAnalyticsService createProject should set webhookUrl to null when empty string","invocations":1,"location":null,"numPassingAsserts":1,"retryReasons":[],"status":"passed","title":"should set webhookUrl to null when empty string"},{"ancestorTitles":["OperatorAnalyticsService","updateProject"],"duration":2,"failureDetails":[],"failureMessages":[],"fullName":"OperatorAnalyticsService updateProject should throw 404 when project not found","invocations":1,"location":null,"numPassingAsserts":1,"retryReasons":[],"status":"passed","title":"should throw 404 when project not found"},{"ancestorTitles":["OperatorAnalyticsService","updateProject"],"duration":2,"failureDetails":[],"failureMessages":[],"fullName":"OperatorAnalyticsService updateProject should throw when renaming default project","invocations":1,"location":null,"numPassingAsserts":1,"retryReasons":[],"status":"passed","title":"should throw when renaming default project"},{"ancestorTitles":["OperatorAnalyticsService","updateProject"],"duration":3,"failureDetails":[],"failureMessages":[],"fullName":"OperatorAnalyticsService updateProject should update name and description","invocations":1,"location":null,"numPassingAsserts":3,"retryReasons":[],"status":"passed","title":"should update name and description"},{"ancestorTitles":["OperatorAnalyticsService","updateProject"],"duration":3,"failureDetails":[],"failureMessages":[],"fullName":"OperatorAnalyticsService updateProject should increment schemaVersion when customMetricsSchema changes","invocations":1,"location":null,"numPassingAsserts":1,"retryReasons":[],"status":"passed","title":"should increment schemaVersion when customMetricsSchema changes"},{"ancestorTitles":["OperatorAnalyticsService","updateProject"],"duration":6,"failureDetails":[],"failureMessages":[],"fullName":"OperatorAnalyticsService updateProject should update webhookHeaders","invocations":1,"location":null,"numPassingAsserts":1,"retryReasons":[],"status":"passed","title":"should update webhookHeaders"},{"ancestorTitles":["OperatorAnalyticsService","updateProject"],"duration":2,"failureDetails":[],"failureMessages":[],"fullName":"OperatorAnalyticsService updateProject should set systemPrompt to null when empty string","invocations":1,"location":null,"numPassingAsserts":1,"retryReasons":[],"status":"passed","title":"should set systemPrompt to null when empty string"},{"ancestorTitles":["OperatorAnalyticsService","deleteProject"],"duration":2,"failureDetails":[],"failureMessages":[],"fullName":"OperatorAnalyticsService deleteProject should throw 404 when project not found","invocations":1,"location":null,"numPassingAsserts":1,"retryReasons":[],"status":"passed","title":"should throw 404 when project not found"},{"ancestorTitles":["OperatorAnalyticsService","deleteProject"],"duration":3,"failureDetails":[],"failureMessages":[],"fullName":"OperatorAnalyticsService deleteProject should throw when deleting default project","invocations":1,"location":null,"numPassingAsserts":1,"retryReasons":[],"status":"passed","title":"should throw when deleting default project"},{"ancestorTitles":["OperatorAnalyticsService","deleteProject"],"duration":2,"failureDetails":[],"failureMessages":[],"fullName":"OperatorAnalyticsService deleteProject should destroy the project","invocations":1,"location":null,"numPassingAsserts":1,"retryReasons":[],"status":"passed","title":"should destroy the project"},{"ancestorTitles":["OperatorAnalyticsService","callWebhook"],"duration":2,"failureDetails":[],"failureMessages":[],"fullName":"OperatorAnalyticsService callWebhook should skip when webhookUrl is empty","invocations":1,"location":null,"numPassingAsserts":1,"retryReasons":[],"status":"passed","title":"should skip when webhookUrl is empty"},{"ancestorTitles":["OperatorAnalyticsService","callWebhook"],"duration":3,"failureDetails":[],"failureMessages":[],"fullName":"OperatorAnalyticsService callWebhook should skip when event not in webhookEvents","invocations":1,"location":null,"numPassingAsserts":1,"retryReasons":[],"status":"passed","title":"should skip when event not in webhookEvents"},{"ancestorTitles":["OperatorAnalyticsService","callWebhook"],"duration":3,"failureDetails":[],"failureMessages":[],"fullName":"OperatorAnalyticsService callWebhook should send POST with correct payload and custom headers","invocations":1,"location":null,"numPassingAsserts":1,"retryReasons":[],"status":"passed","title":"should send POST with correct payload and custom headers"},{"ancestorTitles":["OperatorAnalyticsService","callWebhook"],"duration":3013,"failureDetails":[],"failureMessages":[],"fullName":"OperatorAnalyticsService callWebhook should retry on failure (up to 3 attempts)","invocations":1,"location":null,"numPassingAsserts":1,"retryReasons":[],"status":"passed","title":"should retry on failure (up to 3 attempts)"},{"ancestorTitles":["OperatorAnalyticsService","callWebhook"],"duration":3027,"failureDetails":[],"failureMessages":[],"fullName":"OperatorAnalyticsService callWebhook should not throw after all retries fail","invocations":1,"location":null,"numPassingAsserts":2,"retryReasons":[],"status":"passed","title":"should not throw after all retries fail"},{"ancestorTitles":["OperatorAnalyticsService","generateApiToken"],"duration":8,"failureDetails":[],"failureMessages":[],"fullName":"OperatorAnalyticsService generateApiToken should create a token with oa_ prefix","invocations":1,"location":null,"numPassingAsserts":4,"retryReasons":[],"status":"passed","title":"should create a token with oa_ prefix"},{"ancestorTitles":["OperatorAnalyticsService","revokeApiToken"],"duration":4,"failureDetails":[],"failureMessages":[],"fullName":"OperatorAnalyticsService revokeApiToken should set isActive to false","invocations":1,"location":null,"numPassingAsserts":1,"retryReasons":[],"status":"passed","title":"should set isActive to false"},{"ancestorTitles":["OperatorAnalyticsService","revokeApiToken"],"duration":6,"failureDetails":[],"failureMessages":[],"fullName":"OperatorAnalyticsService revokeApiToken should throw 404 when token not found","invocations":1,"location":null,"numPassingAsserts":1,"retryReasons":[],"status":"passed","title":"should throw 404 when token not found"},{"ancestorTitles":["OperatorAnalyticsService","deleteApiToken"],"duration":6,"failureDetails":[],"failureMessages":[],"fullName":"OperatorAnalyticsService deleteApiToken should destroy the token","invocations":1,"location":null,"numPassingAsserts":1,"retryReasons":[],"status":"passed","title":"should destroy the token"},{"ancestorTitles":["OperatorAnalyticsService","deleteApiToken"],"duration":4,"failureDetails":[],"failureMessages":[],"fullName":"OperatorAnalyticsService deleteApiToken should throw 404 when token not found","invocations":1,"location":null,"numPassingAsserts":1,"retryReasons":[],"status":"passed","title":"should throw 404 when token not found"},{"ancestorTitles":["OperatorAnalyticsService","analyzeUrl"],"duration":5009,"failureDetails":[{"message":"thrown: \"Exceeded timeout of 5000 ms for a test.\nAdd a timeout value to this test to increase the timeout, if this is a long-running test. See https://jestjs.io/docs/api#testname-fn-timeout.\""}],"failureMessages":["Error: thrown: \"Exceeded timeout of 5000 ms for a test.\nAdd a timeout value to this test to increase the timeout, if this is a long-running test. See https://jestjs.io/docs/api#testname-fn-timeout.\"\n    at C:\\Users\\Professional\\WebstormProjects\\aiPBX_backend\\src\\operator-analytics\\operator-analytics.service.spec.ts:624:9\n    at _dispatchDescribe (C:\\Users\\Professional\\WebstormProjects\\aiPBX_backend\\node_modules\\jest-circus\\build\\index.js:91:26)\n    at describe (C:\\Users\\Professional\\WebstormProjects\\aiPBX_backend\\node_modules\\jest-circus\\build\\index.js:55:5)\n    at C:\\Users\\Professional\\WebstormProjects\\aiPBX_backend\\src\\operator-analytics\\operator-analytics.service.spec.ts:609:5\n    at _dispatchDescribe (C:\\Users\\Professional\\WebstormProjects\\aiPBX_backend\\node_modules\\jest-circus\\build\\index.js:91:26)\n    at describe (C:\\Users\\Professional\\WebstormProjects\\aiPBX_backend\\node_modules\\jest-circus\\build\\index.js:55:5)\n    at Object.<anonymous> (C:\\Users\\Professional\\WebstormProjects\\aiPBX_backend\\src\\operator-analytics\\operator-analytics.service.spec.ts:19:1)\n    at Runtime._execModule (C:\\Users\\Professional\\WebstormProjects\\aiPBX_backend\\node_modules\\jest-runtime\\build\\index.js:1439:24)\n    at Runtime._loadModule (C:\\Users\\Professional\\WebstormProjects\\aiPBX_backend\\node_modules\\jest-runtime\\build\\index.js:1022:12)\n    at Runtime.requireModule (C:\\Users\\Professional\\WebstormProjects\\aiPBX_backend\\node_modules\\jest-runtime\\build\\index.js:882:12)\n    at jestAdapter (C:\\Users\\Professional\\WebstormProjects\\aiPBX_backend\\node_modules\\jest-circus\\build\\legacy-code-todo-rewrite\\jestAdapter.js:77:13)\n    at runTestInternal (C:\\Users\\Professional\\WebstormProjects\\aiPBX_backend\\node_modules\\jest-runner\\build\\runTest.js:367:16)\n    at runTest (C:\\Users\\Professional\\WebstormProjects\\aiPBX_backend\\node_modules\\jest-runner\\build\\runTest.js:444:34)"],"fullName":"OperatorAnalyticsService analyzeUrl should download file from URL with correct options","invocations":1,"location":null,"numPassingAsserts":0,"retryReasons":[],"status":"failed","title":"should download file from URL with correct options"},{"ancestorTitles":["OperatorAnalyticsService","analyzeUrl"],"duration":5008,"failureDetails":[{"message":"thrown: \"Exceeded timeout of 5000 ms for a test.\nAdd a timeout value to this test to increase the timeout, if this is a long-running test. See https://jestjs.io/docs/api#testname-fn-timeout.\""}],"failureMessages":["Error: thrown: \"Exceeded timeout of 5000 ms for a test.\nAdd a timeout value to this test to increase the timeout, if this is a long-running test. See https://jestjs.io/docs/api#testname-fn-timeout.\"\n    at C:\\Users\\Professional\\WebstormProjects\\aiPBX_backend\\src\\operator-analytics\\operator-analytics.service.spec.ts:644:9\n    at _dispatchDescribe (C:\\Users\\Professional\\WebstormProjects\\aiPBX_backend\\node_modules\\jest-circus\\build\\index.js:91:26)\n    at describe (C:\\Users\\Professional\\WebstormProjects\\aiPBX_backend\\node_modules\\jest-circus\\build\\index.js:55:5)\n    at C:\\Users\\Professional\\WebstormProjects\\aiPBX_backend\\src\\operator-analytics\\operator-analytics.service.spec.ts:609:5\n    at _dispatchDescribe (C:\\Users\\Professional\\WebstormProjects\\aiPBX_backend\\node_modules\\jest-circus\\build\\index.js:91:26)\n    at describe (C:\\Users\\Professional\\WebstormProjects\\aiPBX_backend\\node_modules\\jest-circus\\build\\index.js:55:5)\n    at Object.<anonymous> (C:\\Users\\Professional\\WebstormProjects\\aiPBX_backend\\src\\operator-analytics\\operator-analytics.service.spec.ts:19:1)\n    at Runtime._execModule (C:\\Users\\Professional\\WebstormProjects\\aiPBX_backend\\node_modules\\jest-runtime\\build\\index.js:1439:24)\n    at Runtime._loadModule (C:\\Users\\Professional\\WebstormProjects\\aiPBX_backend\\node_modules\\jest-runtime\\build\\index.js:1022:12)\n    at Runtime.requireModule (C:\\Users\\Professional\\WebstormProjects\\aiPBX_backend\\node_modules\\jest-runtime\\build\\index.js:882:12)\n    at jestAdapter (C:\\Users\\Professional\\WebstormProjects\\aiPBX_backend\\node_modules\\jest-circus\\build\\legacy-code-todo-rewrite\\jestAdapter.js:77:13)\n    at runTestInternal (C:\\Users\\Professional\\WebstormProjects\\aiPBX_backend\\node_modules\\jest-runner\\build\\runTest.js:367:16)\n    at runTest (C:\\Users\\Professional\\WebstormProjects\\aiPBX_backend\\node_modules\\jest-runner\\build\\runTest.js:444:34)"],"fullName":"OperatorAnalyticsService analyzeUrl should extract filename from URL","invocations":1,"location":null,"numPassingAsserts":0,"retryReasons":[],"status":"failed","title":"should extract filename from URL"},{"ancestorTitles":["OperatorAnalyticsService","createProcessingRecord"],"duration":3,"failureDetails":[],"failureMessages":[],"fullName":"OperatorAnalyticsService createProcessingRecord should create a record with PROCESSING status","invocations":1,"location":null,"numPassingAsserts":1,"retryReasons":[],"status":"passed","title":"should create a record with PROCESSING status"},{"ancestorTitles":["OperatorAnalyticsService","createProcessingRecord"],"duration":3,"failureDetails":[],"failureMessages":[],"fullName":"OperatorAnalyticsService createProcessingRecord should default projectId to null","invocations":1,"location":null,"numPassingAsserts":1,"retryReasons":[],"status":"passed","title":"should default projectId to null"},{"ancestorTitles":["OperatorAnalyticsService","bulkMoveCdrs"],"duration":3,"failureDetails":[],"failureMessages":[],"fullName":"OperatorAnalyticsService bulkMoveCdrs should throw 404 when target project not found","invocations":1,"location":null,"numPassingAsserts":1,"retryReasons":[],"status":"passed","title":"should throw 404 when target project not found"},{"ancestorTitles":["OperatorAnalyticsService","extractFilenameFromUrl (indirect)"],"duration":5010,"failureDetails":[{"message":"thrown: \"Exceeded timeout of 5000 ms for a test.\nAdd a timeout value to this test to increase the timeout, if this is a long-running test. See https://jestjs.io/docs/api#testname-fn-timeout.\""}],"failureMessages":["Error: thrown: \"Exceeded timeout of 5000 ms for a test.\nAdd a timeout value to this test to increase the timeout, if this is a long-running test. See https://jestjs.io/docs/api#testname-fn-timeout.\"\n    at C:\\Users\\Professional\\WebstormProjects\\aiPBX_backend\\src\\operator-analytics\\operator-analytics.service.spec.ts:728:9\n    at _dispatchDescribe (C:\\Users\\Professional\\WebstormProjects\\aiPBX_backend\\node_modules\\jest-circus\\build\\index.js:91:26)\n    at describe (C:\\Users\\Professional\\WebstormProjects\\aiPBX_backend\\node_modules\\jest-circus\\build\\index.js:55:5)\n    at C:\\Users\\Professional\\WebstormProjects\\aiPBX_backend\\src\\operator-analytics\\operator-analytics.service.spec.ts:710:5\n    at _dispatchDescribe (C:\\Users\\Professional\\WebstormProjects\\aiPBX_backend\\node_modules\\jest-circus\\build\\index.js:91:26)\n    at describe (C:\\Users\\Professional\\WebstormProjects\\aiPBX_backend\\node_modules\\jest-circus\\build\\index.js:55:5)\n    at Object.<anonymous> (C:\\Users\\Professional\\WebstormProjects\\aiPBX_backend\\src\\operator-analytics\\operator-analytics.service.spec.ts:19:1)\n    at Runtime._execModule (C:\\Users\\Professional\\WebstormProjects\\aiPBX_backend\\node_modules\\jest-runtime\\build\\index.js:1439:24)\n    at Runtime._loadModule (C:\\Users\\Professional\\WebstormProjects\\aiPBX_backend\\node_modules\\jest-runtime\\build\\index.js:1022:12)\n    at Runtime.requireModule (C:\\Users\\Professional\\WebstormProjects\\aiPBX_backend\\node_modules\\jest-runtime\\build\\index.js:882:12)\n    at jestAdapter (C:\\Users\\Professional\\WebstormProjects\\aiPBX_backend\\node_modules\\jest-circus\\build\\legacy-code-todo-rewrite\\jestAdapter.js:77:13)\n    at runTestInternal (C:\\Users\\Professional\\WebstormProjects\\aiPBX_backend\\node_modules\\jest-runner\\build\\runTest.js:367:16)\n    at runTest (C:\\Users\\Professional\\WebstormProjects\\aiPBX_backend\\node_modules\\jest-runner\\build\\runTest.js:444:34)"],"fullName":"OperatorAnalyticsService extractFilenameFromUrl (indirect) should handle URL without path","invocations":1,"location":null,"numPassingAsserts":0,"retryReasons":[],"status":"failed","title":"should handle URL without path"},{"ancestorTitles":["OperatorAnalyticsService","extractFilenameFromUrl (indirect)"],"duration":5018,"failureDetails":[{"message":"thrown: \"Exceeded timeout of 5000 ms for a test.\nAdd a timeout value to this test to increase the timeout, if this is a long-running test. See https://jestjs.io/docs/api#testname-fn-timeout.\""}],"failureMessages":["Error: thrown: \"Exceeded timeout of 5000 ms for a test.\nAdd a timeout value to this test to increase the timeout, if this is a long-running test. See https://jestjs.io/docs/api#testname-fn-timeout.\"\n    at C:\\Users\\Professional\\WebstormProjects\\aiPBX_backend\\src\\operator-analytics\\operator-analytics.service.spec.ts:740:9\n    at _dispatchDescribe (C:\\Users\\Professional\\WebstormProjects\\aiPBX_backend\\node_modules\\jest-circus\\build\\index.js:91:26)\n    at describe (C:\\Users\\Professional\\WebstormProjects\\aiPBX_backend\\node_modules\\jest-circus\\build\\index.js:55:5)\n    at C:\\Users\\Professional\\WebstormProjects\\aiPBX_backend\\src\\operator-analytics\\operator-analytics.service.spec.ts:710:5\n    at _dispatchDescribe (C:\\Users\\Professional\\WebstormProjects\\aiPBX_backend\\node_modules\\jest-circus\\build\\index.js:91:26)\n    at describe (C:\\Users\\Professional\\WebstormProjects\\aiPBX_backend\\node_modules\\jest-circus\\build\\index.js:55:5)\n    at Object.<anonymous> (C:\\Users\\Professional\\WebstormProjects\\aiPBX_backend\\src\\operator-analytics\\operator-analytics.service.spec.ts:19:1)\n    at Runtime._execModule (C:\\Users\\Professional\\WebstormProjects\\aiPBX_backend\\node_modules\\jest-runtime\\build\\index.js:1439:24)\n    at Runtime._loadModule (C:\\Users\\Professional\\WebstormProjects\\aiPBX_backend\\node_modules\\jest-runtime\\build\\index.js:1022:12)\n    at Runtime.requireModule (C:\\Users\\Professional\\WebstormProjects\\aiPBX_backend\\node_modules\\jest-runtime\\build\\index.js:882:12)\n    at jestAdapter (C:\\Users\\Professional\\WebstormProjects\\aiPBX_backend\\node_modules\\jest-circus\\build\\legacy-code-todo-rewrite\\jestAdapter.js:77:13)\n    at runTestInternal (C:\\Users\\Professional\\WebstormProjects\\aiPBX_backend\\node_modules\\jest-runner\\build\\runTest.js:367:16)\n    at runTest (C:\\Users\\Professional\\WebstormProjects\\aiPBX_backend\\node_modules\\jest-runner\\build\\runTest.js:444:34)"],"fullName":"OperatorAnalyticsService extractFilenameFromUrl (indirect) should strip query params from filename","invocations":1,"location":null,"numPassingAsserts":1,"retryReasons":[],"status":"failed","title":"should strip query params from filename"},{"ancestorTitles":["OperatorAnalyticsService","processUrlInBackground"],"duration":5005,"failureDetails":[{"message":"thrown: \"Exceeded timeout of 5000 ms for a test.\nAdd a timeout value to this test to increase the timeout, if this is a long-running test. See https://jestjs.io/docs/api#testname-fn-timeout.\""}],"failureMessages":["Error: thrown: \"Exceeded timeout of 5000 ms for a test.\nAdd a timeout value to this test to increase the timeout, if this is a long-running test. See https://jestjs.io/docs/api#testname-fn-timeout.\"\n    at C:\\Users\\Professional\\WebstormProjects\\aiPBX_backend\\src\\operator-analytics\\operator-analytics.service.spec.ts:771:9\n    at _dispatchDescribe (C:\\Users\\Professional\\WebstormProjects\\aiPBX_backend\\node_modules\\jest-circus\\build\\index.js:91:26)\n    at describe (C:\\Users\\Professional\\WebstormProjects\\aiPBX_backend\\node_modules\\jest-circus\\build\\index.js:55:5)\n    at C:\\Users\\Professional\\WebstormProjects\\aiPBX_backend\\src\\operator-analytics\\operator-analytics.service.spec.ts:755:5\n    at _dispatchDescribe (C:\\Users\\Professional\\WebstormProjects\\aiPBX_backend\\node_modules\\jest-circus\\build\\index.js:91:26)\n    at describe (C:\\Users\\Professional\\WebstormProjects\\aiPBX_backend\\node_modules\\jest-circus\\build\\index.js:55:5)\n    at Object.<anonymous> (C:\\Users\\Professional\\WebstormProjects\\aiPBX_backend\\src\\operator-analytics\\operator-analytics.service.spec.ts:19:1)\n    at Runtime._execModule (C:\\Users\\Professional\\WebstormProjects\\aiPBX_backend\\node_modules\\jest-runtime\\build\\index.js:1439:24)\n    at Runtime._loadModule (C:\\Users\\Professional\\WebstormProjects\\aiPBX_backend\\node_modules\\jest-runtime\\build\\index.js:1022:12)\n    at Runtime.requireModule (C:\\Users\\Professional\\WebstormProjects\\aiPBX_backend\\node_modules\\jest-runtime\\build\\index.js:882:12)\n    at jestAdapter (C:\\Users\\Professional\\WebstormProjects\\aiPBX_backend\\node_modules\\jest-circus\\build\\legacy-code-todo-rewrite\\jestAdapter.js:77:13)\n    at runTestInternal (C:\\Users\\Professional\\WebstormProjects\\aiPBX_backend\\node_modules\\jest-runner\\build\\runTest.js:367:16)\n    at runTest (C:\\Users\\Professional\\WebstormProjects\\aiPBX_backend\\node_modules\\jest-runner\\build\\runTest.js:444:34)"],"fullName":"OperatorAnalyticsService processUrlInBackground should download URL with correct options","invocations":1,"location":null,"numPassingAsserts":0,"retryReasons":[],"status":"failed","title":"should download URL with correct options"},{"ancestorTitles":["OperatorAnalyticsService","processUrlInBackground"],"duration":4,"failureDetails":[],"failureMessages":[],"fullName":"OperatorAnalyticsService processUrlInBackground should set error status on download failure","invocations":1,"location":null,"numPassingAsserts":1,"retryReasons":[],"status":"passed","title":"should set error status on download failure"},{"ancestorTitles":["OperatorAnalyticsService","processUrlInBackground"],"duration":57,"failureDetails":[],"failureMessages":[],"fullName":"OperatorAnalyticsService processUrlInBackground should send error webhook on download failure when project exists","invocations":1,"location":null,"numPassingAsserts":1,"retryReasons":[],"status":"passed","title":"should send error webhook on download failure when project exists"},{"ancestorTitles":["OperatorAnalyticsService","processUrlInBackground"],"duration":5,"failureDetails":[],"failureMessages":[],"fullName":"OperatorAnalyticsService processUrlInBackground should not throw even if everything fails","invocations":1,"location":null,"numPassingAsserts":1,"retryReasons":[],"status":"passed","title":"should not throw even if everything fails"},{"ancestorTitles":["OperatorAnalyticsService","getDashboard"],"duration":2,"failureDetails":[],"failureMessages":[],"fullName":"OperatorAnalyticsService getDashboard should NOT filter by userId when admin requests without userId","invocations":1,"location":null,"numPassingAsserts":1,"retryReasons":[],"status":"passed","title":"should NOT filter by userId when admin requests without userId"},{"ancestorTitles":["OperatorAnalyticsService","getDashboard"],"duration":4,"failureDetails":[],"failureMessages":[],"fullName":"OperatorAnalyticsService getDashboard should filter by query.userId when admin specifies userId","invocations":1,"location":null,"numPassingAsserts":1,"retryReasons":[],"status":"passed","title":"should filter by query.userId when admin specifies userId"},{"ancestorTitles":["OperatorAnalyticsService","getDashboard"],"duration":4,"failureDetails":[],"failureMessages":[],"fullName":"OperatorAnalyticsService getDashboard should filter by realUserId for non-admin (ignore query.userId)","invocations":1,"location":null,"numPassingAsserts":1,"retryReasons":[],"status":"passed","title":"should filter by realUserId for non-admin (ignore query.userId)"},{"ancestorTitles":["OperatorAnalyticsService","getDashboard"],"duration":4,"failureDetails":[],"failureMessages":[],"fullName":"OperatorAnalyticsService getDashboard should return empty dashboard when no records found","invocations":1,"location":null,"numPassingAsserts":6,"retryReasons":[],"status":"passed","title":"should return empty dashboard when no records found"},{"ancestorTitles":["OperatorAnalyticsService","getDashboard"],"duration":3,"failureDetails":[],"failureMessages":[],"fullName":"OperatorAnalyticsService getDashboard should filter by projectId when provided","invocations":1,"location":null,"numPassingAsserts":1,"retryReasons":[],"status":"passed","title":"should filter by projectId when provided"},{"ancestorTitles":["OperatorAnalyticsService","getCdrs"],"duration":3,"failureDetails":[],"failureMessages":[],"fullName":"OperatorAnalyticsService getCdrs should NOT filter by userId when admin requests without userId","invocations":1,"location":null,"numPassingAsserts":1,"retryReasons":[],"status":"passed","title":"should NOT filter by userId when admin requests without userId"},{"ancestorTitles":["OperatorAnalyticsService","getCdrs"],"duration":2,"failureDetails":[],"failureMessages":[],"fullName":"OperatorAnalyticsService getCdrs should filter by query.userId when admin specifies userId","invocations":1,"location":null,"numPassingAsserts":1,"retryReasons":[],"status":"passed","title":"should filter by query.userId when admin specifies userId"},{"ancestorTitles":["OperatorAnalyticsService","getCdrs"],"duration":3,"failureDetails":[],"failureMessages":[],"fullName":"OperatorAnalyticsService getCdrs should filter by realUserId for non-admin","invocations":1,"location":null,"numPassingAsserts":1,"retryReasons":[],"status":"passed","title":"should filter by realUserId for non-admin"},{"ancestorTitles":["OperatorAnalyticsService","getCdrs"],"duration":3,"failureDetails":[],"failureMessages":[],"fullName":"OperatorAnalyticsService getCdrs should return paginated result with defaults","invocations":1,"location":null,"numPassingAsserts":1,"retryReasons":[],"status":"passed","title":"should return paginated result with defaults"}],"endTime":1775132572124,"message":"  ● OperatorAnalyticsService › analyzeUrl › should download file from URL with correct options\n\n    thrown: \"Exceeded timeout of 5000 ms for a test.\n    Add a timeout value to this test to increase the timeout, if this is a long-running test. See https://jestjs.io/docs/api#testname-fn-timeout.\"\n\n    \u001b[0m \u001b[90m 622 |\u001b[39m         })\u001b[33m;\u001b[39m\n     \u001b[90m 623 |\u001b[39m\n    \u001b[31m\u001b[1m>\u001b[22m\u001b[39m\u001b[90m 624 |\u001b[39m         it(\u001b[32m'should download file from URL with correct options'\u001b[39m\u001b[33m,\u001b[39m \u001b[36masync\u001b[39m () \u001b[33m=>\u001b[39m {\n     \u001b[90m     |\u001b[39m         \u001b[31m\u001b[1m^\u001b[22m\u001b[39m\n     \u001b[90m 625 |\u001b[39m             mockUserRepo\u001b[33m.\u001b[39mfindByPk\u001b[33m.\u001b[39mmockResolvedValue({ balance\u001b[33m:\u001b[39m \u001b[35m100\u001b[39m })\u001b[33m;\u001b[39m\n     \u001b[90m 626 |\u001b[39m             \u001b[90m// Will fail later during transcription, but we can verify download\u001b[39m\n     \u001b[90m 627 |\u001b[39m             mockExternalStt\u001b[33m.\u001b[39mtranscribe\u001b[33m.\u001b[39mmockRejectedValue(\u001b[36mnew\u001b[39m \u001b[33mError\u001b[39m(\u001b[32m'STT'\u001b[39m))\u001b[33m;\u001b[39m\u001b[0m\n\n      at operator-analytics/operator-analytics.service.spec.ts:624:9\n      at operator-analytics/operator-analytics.service.spec.ts:609:5\n      at Object.<anonymous> (operator-analytics/operator-analytics.service.spec.ts:19:1)\n\n  ● OperatorAnalyticsService › analyzeUrl › should extract filename from URL\n\n    thrown: \"Exceeded timeout of 5000 ms for a test.\n    Add a timeout value to this test to increase the timeout, if this is a long-running test. See https://jestjs.io/docs/api#testname-fn-timeout.\"\n\n    \u001b[0m \u001b[90m 642 |\u001b[39m         })\u001b[33m;\u001b[39m\n     \u001b[90m 643 |\u001b[39m\n    \u001b[31m\u001b[1m>\u001b[22m\u001b[39m\u001b[90m 644 |\u001b[39m         it(\u001b[32m'should extract filename from URL'\u001b[39m\u001b[33m,\u001b[39m \u001b[36masync\u001b[39m () \u001b[33m=>\u001b[39m {\n     \u001b[90m     |\u001b[39m         \u001b[31m\u001b[1m^\u001b[22m\u001b[39m\n     \u001b[90m 645 |\u001b[39m             mockUserRepo\u001b[33m.\u001b[39mfindByPk\u001b[33m.\u001b[39mmockResolvedValue({ balance\u001b[33m:\u001b[39m \u001b[35m100\u001b[39m })\u001b[33m;\u001b[39m\n     \u001b[90m 646 |\u001b[39m             mockExternalStt\u001b[33m.\u001b[39mtranscribe\u001b[33m.\u001b[39mmockRejectedValue(\u001b[36mnew\u001b[39m \u001b[33mError\u001b[39m(\u001b[32m'STT'\u001b[39m))\u001b[33m;\u001b[39m\n     \u001b[90m 647 |\u001b[39m             mockOpenAiStt\u001b[33m.\u001b[39mtranscribe\u001b[33m.\u001b[39mmockRejectedValue(\u001b[36mnew\u001b[39m \u001b[33mError\u001b[39m(\u001b[32m'STT'\u001b[39m))\u001b[33m;\u001b[39m\u001b[0m\n\n      at operator-analytics/operator-analytics.service.spec.ts:644:9\n      at operator-analytics/operator-analytics.service.spec.ts:609:5\n      at Object.<anonymous> (operator-analytics/operator-analytics.service.spec.ts:19:1)\n\n  ● OperatorAnalyticsService › extractFilenameFromUrl (indirect) › should handle URL without path\n\n    thrown: \"Exceeded timeout of 5000 ms for a test.\n    Add a timeout value to this test to increase the timeout, if this is a long-running test. See https://jestjs.io/docs/api#testname-fn-timeout.\"\n\n    \u001b[0m \u001b[90m 726 |\u001b[39m         })\u001b[33m;\u001b[39m\n     \u001b[90m 727 |\u001b[39m\n    \u001b[31m\u001b[1m>\u001b[22m\u001b[39m\u001b[90m 728 |\u001b[39m         it(\u001b[32m'should handle URL without path'\u001b[39m\u001b[33m,\u001b[39m \u001b[36masync\u001b[39m () \u001b[33m=>\u001b[39m {\n     \u001b[90m     |\u001b[39m         \u001b[31m\u001b[1m^\u001b[22m\u001b[39m\n     \u001b[90m 729 |\u001b[39m             \u001b[36mtry\u001b[39m {\n     \u001b[90m 730 |\u001b[39m                 \u001b[36mawait\u001b[39m service\u001b[33m.\u001b[39manalyzeUrl(\u001b[32m'https://example.com'\u001b[39m\u001b[33m,\u001b[39m \u001b[32m'1'\u001b[39m)\u001b[33m;\u001b[39m\n     \u001b[90m 731 |\u001b[39m             } \u001b[36mcatch\u001b[39m { \u001b[90m/* expected */\u001b[39m }\u001b[0m\n\n      at operator-analytics/operator-analytics.service.spec.ts:728:9\n      at operator-analytics/operator-analytics.service.spec.ts:710:5\n      at Object.<anonymous> (operator-analytics/operator-analytics.service.spec.ts:19:1)\n\n  ● OperatorAnalyticsService › extractFilenameFromUrl (indirect) › should strip query params from filename\n\n    thrown: \"Exceeded timeout of 5000 ms for a test.\n    Add a timeout value to this test to increase the timeout, if this is a long-running test. See https://jestjs.io/docs/api#testname-fn-timeout.\"\n\n    \u001b[0m \u001b[90m 738 |\u001b[39m         })\u001b[33m;\u001b[39m\n     \u001b[90m 739 |\u001b[39m\n    \u001b[31m\u001b[1m>\u001b[22m\u001b[39m\u001b[90m 740 |\u001b[39m         it(\u001b[32m'should strip query params from filename'\u001b[39m\u001b[33m,\u001b[39m \u001b[36masync\u001b[39m () \u001b[33m=>\u001b[39m {\n     \u001b[90m     |\u001b[39m         \u001b[31m\u001b[1m^\u001b[22m\u001b[39m\n     \u001b[90m 741 |\u001b[39m             \u001b[36mtry\u001b[39m {\n     \u001b[90m 742 |\u001b[39m                 \u001b[36mawait\u001b[39m service\u001b[33m.\u001b[39manalyzeUrl(\u001b[32m'https://s3.amazonaws.com/bucket/recording.wav?AWSAccessKeyId=xxx'\u001b[39m\u001b[33m,\u001b[39m \u001b[32m'1'\u001b[39m)\u001b[33m;\u001b[39m\n     \u001b[90m 743 |\u001b[39m             } \u001b[36mcatch\u001b[39m { \u001b[90m/* expected */\u001b[39m }\u001b[0m\n\n      at operator-analytics/operator-analytics.service.spec.ts:740:9\n      at operator-analytics/operator-analytics.service.spec.ts:710:5\n      at Object.<anonymous> (operator-analytics/operator-analytics.service.spec.ts:19:1)\n\n  ● OperatorAnalyticsService › processUrlInBackground › should download URL with correct options\n\n    thrown: \"Exceeded timeout of 5000 ms for a test.\n    Add a timeout value to this test to increase the timeout, if this is a long-running test. See https://jestjs.io/docs/api#testname-fn-timeout.\"\n\n    \u001b[0m \u001b[90m 769 |\u001b[39m         })\u001b[33m;\u001b[39m\n     \u001b[90m 770 |\u001b[39m\n    \u001b[31m\u001b[1m>\u001b[22m\u001b[39m\u001b[90m 771 |\u001b[39m         it(\u001b[32m'should download URL with correct options'\u001b[39m\u001b[33m,\u001b[39m \u001b[36masync\u001b[39m () \u001b[33m=>\u001b[39m {\n     \u001b[90m     |\u001b[39m         \u001b[31m\u001b[1m^\u001b[22m\u001b[39m\n     \u001b[90m 772 |\u001b[39m             \u001b[90m// Will fail at STT stage, but we verify the download step\u001b[39m\n     \u001b[90m 773 |\u001b[39m             mockExternalStt\u001b[33m.\u001b[39mtranscribe\u001b[33m.\u001b[39mmockRejectedValue(\u001b[36mnew\u001b[39m \u001b[33mError\u001b[39m(\u001b[32m'STT'\u001b[39m))\u001b[33m;\u001b[39m\n     \u001b[90m 774 |\u001b[39m             mockOpenAiStt\u001b[33m.\u001b[39mtranscribe\u001b[33m.\u001b[39mmockRejectedValue(\u001b[36mnew\u001b[39m \u001b[33mError\u001b[39m(\u001b[32m'STT'\u001b[39m))\u001b[33m;\u001b[39m\u001b[0m\n\n      at operator-analytics/operator-analytics.service.spec.ts:771:9\n      at operator-analytics/operator-analytics.service.spec.ts:755:5\n      at Object.<anonymous> (operator-analytics/operator-analytics.service.spec.ts:19:1)\n","name":"C:\\Users\\Professional\\WebstormProjects\\aiPBX_backend\\src\\operator-analytics\\operator-analytics.service.spec.ts","startTime":1775132533635,"status":"failed","summary":""}],"wasInterrupted":false}
